Building DAG of jobs...
Full Traceback (most recent call last):
  File "/home/mhu/miniconda3/envs/snake310/lib/python3.10/site-packages/snakemake/sourcecache.py", line 455, in _open
    return open(path_or_uri, mode, encoding=None if "b" in mode else encoding)
  File "/home/mhu/miniconda3/envs/snake310/lib/python3.10/site-packages/smart_open/smart_open_lib.py", line 177, in open
    fobj = _shortcut_open(
  File "/home/mhu/miniconda3/envs/snake310/lib/python3.10/site-packages/smart_open/smart_open_lib.py", line 375, in _shortcut_open
    return _builtin_open(local_path, mode, buffering=buffering, **open_kwargs)
FileNotFoundError: [Errno 2] No such file or directory: '/projects/prjs1616/gatk_paper_demo/envs/aligner.yaml'

During handling of the above exception, another exception occurred:

Traceback (most recent call last):
  File "/home/mhu/miniconda3/envs/snake310/lib/python3.10/site-packages/snakemake/__init__.py", line 792, in snakemake
    success = workflow.execute(
  File "/home/mhu/miniconda3/envs/snake310/lib/python3.10/site-packages/snakemake/workflow.py", line 1078, in execute
    dag.create_conda_envs(
  File "/home/mhu/miniconda3/envs/snake310/lib/python3.10/site-packages/snakemake/dag.py", line 359, in create_conda_envs
    env.create(dryrun)
  File "/home/mhu/miniconda3/envs/snake310/lib/python3.10/site-packages/snakemake/deployment/conda.py", line 395, in create
    env_path = self.address
  File "/home/mhu/miniconda3/envs/snake310/lib/python3.10/site-packages/snakemake/deployment/conda.py", line 230, in address
    hash = self.hash
  File "/home/mhu/miniconda3/envs/snake310/lib/python3.10/site-packages/snakemake/deployment/conda.py", line 189, in hash
    md5hash.update(self.content)
  File "/home/mhu/miniconda3/envs/snake310/lib/python3.10/site-packages/snakemake/deployment/conda.py", line 156, in content
    self._content = self._get_content()
  File "/home/mhu/miniconda3/envs/snake310/lib/python3.10/site-packages/snakemake/deployment/conda.py", line 131, in _get_content
    return self.workflow.sourcecache.open(self.file, "rb").read()
  File "/home/mhu/miniconda3/envs/snake310/lib/python3.10/site-packages/snakemake/sourcecache.py", line 369, in open
    cache_entry = self._cache(source_file)
  File "/home/mhu/miniconda3/envs/snake310/lib/python3.10/site-packages/snakemake/sourcecache.py", line 400, in _cache
    self._do_cache(source_file, cache_entry)
  File "/home/mhu/miniconda3/envs/snake310/lib/python3.10/site-packages/snakemake/sourcecache.py", line 405, in _do_cache
    with self._open_local_or_remote(source_file, "rb") as source:
  File "/home/mhu/miniconda3/envs/snake310/lib/python3.10/site-packages/snakemake/sourcecache.py", line 434, in _open_local_or_remote
    return self._open(source_file, mode, encoding=encoding)
  File "/home/mhu/miniconda3/envs/snake310/lib/python3.10/site-packages/snakemake/sourcecache.py", line 457, in _open
    raise WorkflowError(f"Failed to open source file {path_or_uri}", e)
snakemake.exceptions.WorkflowError: Failed to open source file /projects/prjs1616/gatk_paper_demo/envs/aligner.yaml
FileNotFoundError: [Errno 2] No such file or directory: '/projects/prjs1616/gatk_paper_demo/envs/aligner.yaml'

WorkflowError:
Failed to open source file /projects/prjs1616/gatk_paper_demo/envs/aligner.yaml
FileNotFoundError: [Errno 2] No such file or directory: '/projects/prjs1616/gatk_paper_demo/envs/aligner.yaml'
unlocking
removing lock
removing lock
removed all locks
